  Multi Class One Vs One _ New sorting algorithm.cpp
c:\users\osama\dropbox\cbmlad\codes\cbm_lad_one vs one _ random _ june 2018   - compatible with new testing\multi class one vs one _ new sorting algorithm\multi class one vs one _ new sorting algorithm.cpp(118): warning C4267: 'initializing': conversion from 'size_t' to 'int', possible loss of data
c:\users\osama\dropbox\cbmlad\codes\cbm_lad_one vs one _ random _ june 2018   - compatible with new testing\multi class one vs one _ new sorting algorithm\multi class one vs one _ new sorting algorithm.cpp(179): warning C4267: 'initializing': conversion from 'size_t' to 'int', possible loss of data
c:\users\osama\dropbox\cbmlad\codes\cbm_lad_one vs one _ random _ june 2018   - compatible with new testing\multi class one vs one _ new sorting algorithm\multi class one vs one _ new sorting algorithm.cpp(198): warning C4244: 'argument': conversion from 'double' to 'const int', possible loss of data
c:\users\osama\dropbox\cbmlad\codes\cbm_lad_one vs one _ random _ june 2018   - compatible with new testing\multi class one vs one _ new sorting algorithm\multi class one vs one _ new sorting algorithm.cpp(205): warning C4244: 'argument': conversion from 'double' to 'const int', possible loss of data
c:\users\osama\dropbox\cbmlad\codes\cbm_lad_one vs one _ random _ june 2018   - compatible with new testing\multi class one vs one _ new sorting algorithm\multi class one vs one _ new sorting algorithm.cpp(209): warning C4244: 'argument': conversion from 'double' to 'unsigned __int64', possible loss of data
c:\users\osama\dropbox\cbmlad\codes\cbm_lad_one vs one _ random _ june 2018   - compatible with new testing\multi class one vs one _ new sorting algorithm\multi class one vs one _ new sorting algorithm.cpp(226): warning C4244: 'argument': conversion from 'double' to 'unsigned __int64', possible loss of data
c:\users\osama\dropbox\cbmlad\codes\cbm_lad_one vs one _ random _ june 2018   - compatible with new testing\multi class one vs one _ new sorting algorithm\multi class one vs one _ new sorting algorithm.cpp(269): warning C4244: 'argument': conversion from 'double' to 'const int', possible loss of data
c:\users\osama\dropbox\cbmlad\codes\cbm_lad_one vs one _ random _ june 2018   - compatible with new testing\multi class one vs one _ new sorting algorithm\multi class one vs one _ new sorting algorithm.cpp(286): warning C4244: 'argument': conversion from 'double' to 'const int', possible loss of data
c:\users\osama\dropbox\cbmlad\codes\cbm_lad_one vs one _ random _ june 2018   - compatible with new testing\multi class one vs one _ new sorting algorithm\multi class one vs one _ new sorting algorithm.cpp(684): warning C4267: '=': conversion from 'size_t' to 'int', possible loss of data
c:\users\osama\dropbox\cbmlad\codes\cbm_lad_one vs one _ random _ june 2018   - compatible with new testing\multi class one vs one _ new sorting algorithm\multi class one vs one _ new sorting algorithm.cpp(739): warning C4244: '=': conversion from '__int64' to 'int', possible loss of data
c:\users\osama\dropbox\cbmlad\codes\cbm_lad_one vs one _ random _ june 2018   - compatible with new testing\multi class one vs one _ new sorting algorithm\multi class one vs one _ new sorting algorithm.cpp(797): warning C4244: '=': conversion from '__int64' to 'int', possible loss of data
c:\users\osama\dropbox\cbmlad\codes\cbm_lad_one vs one _ random _ june 2018   - compatible with new testing\multi class one vs one _ new sorting algorithm\multi class one vs one _ new sorting algorithm.cpp(810): warning C4244: '=': conversion from '__int64' to 'int', possible loss of data
c:\users\osama\dropbox\cbmlad\codes\cbm_lad_one vs one _ random _ june 2018   - compatible with new testing\multi class one vs one _ new sorting algorithm\multi class one vs one _ new sorting algorithm.cpp(879): warning C4244: '=': conversion from '__int64' to 'int', possible loss of data
c:\users\osama\dropbox\cbmlad\codes\cbm_lad_one vs one _ random _ june 2018   - compatible with new testing\multi class one vs one _ new sorting algorithm\multi class one vs one _ new sorting algorithm.cpp(903): warning C4244: '=': conversion from '__int64' to 'int', possible loss of data
c:\users\osama\dropbox\cbmlad\codes\cbm_lad_one vs one _ random _ june 2018   - compatible with new testing\multi class one vs one _ new sorting algorithm\multi class one vs one _ new sorting algorithm.cpp(925): warning C4244: 'argument': conversion from 'unsigned __int64' to 'double', possible loss of data
c:\users\osama\dropbox\cbmlad\codes\cbm_lad_one vs one _ random _ june 2018   - compatible with new testing\multi class one vs one _ new sorting algorithm\multi class one vs one _ new sorting algorithm.cpp(1001): warning C4244: '=': conversion from '__int64' to 'int', possible loss of data
c:\users\osama\dropbox\cbmlad\codes\cbm_lad_one vs one _ random _ june 2018   - compatible with new testing\multi class one vs one _ new sorting algorithm\multi class one vs one _ new sorting algorithm.cpp(1023): warning C4305: 'initializing': truncation from 'double' to 'float'
c:\users\osama\dropbox\cbmlad\codes\cbm_lad_one vs one _ random _ june 2018   - compatible with new testing\multi class one vs one _ new sorting algorithm\multi class one vs one _ new sorting algorithm.cpp(1024): warning C4305: 'initializing': truncation from 'double' to 'float'
c:\users\osama\dropbox\cbmlad\codes\cbm_lad_one vs one _ random _ june 2018   - compatible with new testing\multi class one vs one _ new sorting algorithm\multi class one vs one _ new sorting algorithm.cpp(1048): warning C4267: 'initializing': conversion from 'size_t' to 'int', possible loss of data
c:\users\osama\dropbox\cbmlad\codes\cbm_lad_one vs one _ random _ june 2018   - compatible with new testing\multi class one vs one _ new sorting algorithm\multi class one vs one _ new sorting algorithm.cpp(1066): warning C4305: '=': truncation from 'double' to 'float'
c:\users\osama\dropbox\cbmlad\codes\cbm_lad_one vs one _ random _ june 2018   - compatible with new testing\multi class one vs one _ new sorting algorithm\multi class one vs one _ new sorting algorithm.cpp(1087): warning C4244: '=': conversion from '__int64' to 'int', possible loss of data
c:\users\osama\dropbox\cbmlad\codes\cbm_lad_one vs one _ random _ june 2018   - compatible with new testing\multi class one vs one _ new sorting algorithm\multi class one vs one _ new sorting algorithm.cpp(1121): warning C4244: '=': conversion from '__int64' to 'int', possible loss of data
c:\users\osama\dropbox\cbmlad\codes\cbm_lad_one vs one _ random _ june 2018   - compatible with new testing\multi class one vs one _ new sorting algorithm\multi class one vs one _ new sorting algorithm.cpp(1136): warning C4244: '=': conversion from '__int64' to 'int', possible loss of data
c:\users\osama\dropbox\cbmlad\codes\cbm_lad_one vs one _ random _ june 2018   - compatible with new testing\multi class one vs one _ new sorting algorithm\multi class one vs one _ new sorting algorithm.cpp(1150): warning C4244: '=': conversion from 'double' to 'float', possible loss of data
c:\users\osama\dropbox\cbmlad\codes\cbm_lad_one vs one _ random _ june 2018   - compatible with new testing\multi class one vs one _ new sorting algorithm\multi class one vs one _ new sorting algorithm.cpp(1216): warning C4244: '=': conversion from '__int64' to 'int', possible loss of data
c:\users\osama\dropbox\cbmlad\codes\cbm_lad_one vs one _ random _ june 2018   - compatible with new testing\multi class one vs one _ new sorting algorithm\multi class one vs one _ new sorting algorithm.cpp(1256): warning C4244: '=': conversion from '__int64' to 'int', possible loss of data
c:\users\osama\dropbox\cbmlad\codes\cbm_lad_one vs one _ random _ june 2018   - compatible with new testing\multi class one vs one _ new sorting algorithm\multi class one vs one _ new sorting algorithm.cpp(1273): warning C4244: '=': conversion from '__int64' to 'int', possible loss of data
c:\users\osama\dropbox\cbmlad\codes\cbm_lad_one vs one _ random _ june 2018   - compatible with new testing\multi class one vs one _ new sorting algorithm\multi class one vs one _ new sorting algorithm.cpp(1290): warning C4244: '=': conversion from '__int64' to 'int', possible loss of data
c:\users\osama\dropbox\cbmlad\codes\cbm_lad_one vs one _ random _ june 2018   - compatible with new testing\multi class one vs one _ new sorting algorithm\multi class one vs one _ new sorting algorithm.cpp(1333): warning C4244: '=': conversion from '__int64' to 'int', possible loss of data
c:\users\osama\dropbox\cbmlad\codes\cbm_lad_one vs one _ random _ june 2018   - compatible with new testing\multi class one vs one _ new sorting algorithm\multi class one vs one _ new sorting algorithm.cpp(1348): warning C4244: '=': conversion from '__int64' to 'int', possible loss of data
c:\users\osama\dropbox\cbmlad\codes\cbm_lad_one vs one _ random _ june 2018   - compatible with new testing\multi class one vs one _ new sorting algorithm\multi class one vs one _ new sorting algorithm.cpp(1401): warning C4244: '=': conversion from '__int64' to 'int', possible loss of data
c:\users\osama\dropbox\cbmlad\codes\cbm_lad_one vs one _ random _ june 2018   - compatible with new testing\multi class one vs one _ new sorting algorithm\multi class one vs one _ new sorting algorithm.cpp(1429): warning C4267: '=': conversion from 'size_t' to 'int', possible loss of data
c:\users\osama\dropbox\cbmlad\codes\cbm_lad_one vs one _ random _ june 2018   - compatible with new testing\multi class one vs one _ new sorting algorithm\multi class one vs one _ new sorting algorithm.cpp(1470): warning C4244: '=': conversion from '__int64' to 'int', possible loss of data
c:\users\osama\dropbox\cbmlad\codes\cbm_lad_one vs one _ random _ june 2018   - compatible with new testing\multi class one vs one _ new sorting algorithm\multi class one vs one _ new sorting algorithm.cpp(1472): warning C4244: '=': conversion from 'unsigned __int64' to 'double', possible loss of data
c:\users\osama\dropbox\cbmlad\codes\cbm_lad_one vs one _ random _ june 2018   - compatible with new testing\multi class one vs one _ new sorting algorithm\multi class one vs one _ new sorting algorithm.cpp(1477): warning C4244: '=': conversion from 'double' to 'float', possible loss of data
c:\users\osama\dropbox\cbmlad\codes\cbm_lad_one vs one _ random _ june 2018   - compatible with new testing\multi class one vs one _ new sorting algorithm\multi class one vs one _ new sorting algorithm.cpp(1512): warning C4244: '=': conversion from '__int64' to 'int', possible loss of data
c:\users\osama\dropbox\cbmlad\codes\cbm_lad_one vs one _ random _ june 2018   - compatible with new testing\multi class one vs one _ new sorting algorithm\multi class one vs one _ new sorting algorithm.cpp(1538): warning C4244: '=': conversion from '__int64' to 'int', possible loss of data
c:\users\osama\dropbox\cbmlad\codes\cbm_lad_one vs one _ random _ june 2018   - compatible with new testing\multi class one vs one _ new sorting algorithm\multi class one vs one _ new sorting algorithm.cpp(1561): warning C4244: 'argument': conversion from 'unsigned __int64' to 'double', possible loss of data
c:\users\osama\dropbox\cbmlad\codes\cbm_lad_one vs one _ random _ june 2018   - compatible with new testing\multi class one vs one _ new sorting algorithm\multi class one vs one _ new sorting algorithm.cpp(1634): warning C4244: '=': conversion from 'clock_t' to 'float', possible loss of data
c:\users\osama\dropbox\cbmlad\codes\cbm_lad_one vs one _ random _ june 2018   - compatible with new testing\multi class one vs one _ new sorting algorithm\multi class one vs one _ new sorting algorithm.cpp(1667): warning C4244: '=': conversion from '__int64' to 'int', possible loss of data
c:\users\osama\dropbox\cbmlad\codes\cbm_lad_one vs one _ random _ june 2018   - compatible with new testing\multi class one vs one _ new sorting algorithm\multi class one vs one _ new sorting algorithm.cpp(1675): warning C4244: '=': conversion from '__int64' to 'int', possible loss of data
c:\users\osama\dropbox\cbmlad\codes\cbm_lad_one vs one _ random _ june 2018   - compatible with new testing\multi class one vs one _ new sorting algorithm\multi class one vs one _ new sorting algorithm.cpp(1678): warning C4244: '=': conversion from '__int64' to 'int', possible loss of data
c:\users\osama\dropbox\cbmlad\codes\cbm_lad_one vs one _ random _ june 2018   - compatible with new testing\multi class one vs one _ new sorting algorithm\multi class one vs one _ new sorting algorithm.cpp(1689): warning C4267: 'initializing': conversion from 'size_t' to 'int', possible loss of data
c:\users\osama\dropbox\cbmlad\codes\cbm_lad_one vs one _ random _ june 2018   - compatible with new testing\multi class one vs one _ new sorting algorithm\multi class one vs one _ new sorting algorithm.cpp(1694): warning C4267: '=': conversion from 'size_t' to 'int', possible loss of data
c:\users\osama\dropbox\cbmlad\codes\cbm_lad_one vs one _ random _ june 2018   - compatible with new testing\multi class one vs one _ new sorting algorithm\multi class one vs one _ new sorting algorithm.cpp(1776): warning C4244: '=': conversion from '__int64' to 'int', possible loss of data
c:\users\osama\dropbox\cbmlad\codes\cbm_lad_one vs one _ random _ june 2018   - compatible with new testing\multi class one vs one _ new sorting algorithm\multi class one vs one _ new sorting algorithm.cpp(832): warning C4101: 'SumOfElementsInMandatoryColumns': unreferenced local variable
c:\users\osama\dropbox\cbmlad\codes\cbm_lad_one vs one _ random _ june 2018   - compatible with new testing\multi class one vs one _ new sorting algorithm\multi class one vs one _ new sorting algorithm.cpp(2092): warning C4101: 'my_count': unreferenced local variable
c:\users\osama\dropbox\cbmlad\codes\cbm_lad_one vs one _ random _ june 2018   - compatible with new testing\multi class one vs one _ new sorting algorithm\multi class one vs one _ new sorting algorithm.cpp(2116): warning C4101: 'my_count': unreferenced local variable
c:\users\osama\dropbox\cbmlad\codes\cbm_lad_one vs one _ random _ june 2018   - compatible with new testing\multi class one vs one _ new sorting algorithm\multi class one vs one _ new sorting algorithm.cpp(2205): warning C4244: 'argument': conversion from 'double' to 'const unsigned __int64', possible loss of data
  Multi Class One Vs One _ New sorting algorithm.vcxproj -> C:\Users\Osama\Dropbox\cbmLAD\Codes\CBM_LAD_One Vs One _ Random _ June 2018   - Compatible with New testing\x64\Debug\Multi Class One Vs One _ New sorting algorithm.exe
