c:\users\osama\source\repos\multi class one vs one _ new sorting algorithm - new cont alg\multi class one vs one _ new sorting algorithm\x64\release\multi class one vs one _ new sorting algorithm.pch
c:\users\osama\source\repos\multi class one vs one _ new sorting algorithm - new cont alg\multi class one vs one _ new sorting algorithm\x64\release\vc141.pdb
c:\users\osama\source\repos\multi class one vs one _ new sorting algorithm - new cont alg\multi class one vs one _ new sorting algorithm\x64\release\stdafx.obj
c:\users\osama\source\repos\multi class one vs one _ new sorting algorithm - new cont alg\multi class one vs one _ new sorting algorithm\x64\release\multi class one vs one _ new sorting algorithm.obj
c:\users\osama\source\repos\multi class one vs one _ new sorting algorithm - new contradiction  alg\multi class one vs one _ new sorting algorithm\x64\release\multi class one vs one _ new sorting algorithm.pch
c:\users\osama\source\repos\multi class one vs one _ new sorting algorithm - new contradiction  alg\multi class one vs one _ new sorting algorithm\x64\release\vc141.pdb
c:\users\osama\source\repos\multi class one vs one _ new sorting algorithm - new contradiction  alg\multi class one vs one _ new sorting algorithm\x64\release\stdafx.obj
c:\users\osama\source\repos\multi class one vs one _ new sorting algorithm - new contradiction  alg\multi class one vs one _ new sorting algorithm\x64\release\multi class one vs one _ new sorting algorithm.obj
c:\users\osama\source\repos\multi class one vs one _ new sorting algorithm - new cont alg\x64\release\multi class one vs one _ new sorting algorithm.exe
c:\users\osama\source\repos\multi class one vs one _ new sorting algorithm - new cont alg\x64\release\multi class one vs one _ new sorting algorithm.pdb
c:\users\osama\source\repos\multi class one vs one _ new sorting algorithm - new contradiction  alg\x64\release\multi class one vs one _ new sorting algorithm.exe
c:\users\osama\source\repos\multi class one vs one _ new sorting algorithm - new contradiction  alg\x64\release\multi class one vs one _ new sorting algorithm.pdb
c:\users\osama\source\repos\multi class one vs one _ new sorting algorithm - new cont alg\x64\release\multi class one vs one _ new sorting algorithm.ipdb
c:\users\osama\source\repos\multi class one vs one _ new sorting algorithm - new cont alg\x64\release\multi class one vs one _ new sorting algorithm.iobj
c:\users\osama\source\repos\multi class one vs one _ new sorting algorithm - new contradiction  alg\x64\release\multi class one vs one _ new sorting algorithm.ipdb
c:\users\osama\source\repos\multi class one vs one _ new sorting algorithm - new contradiction  alg\x64\release\multi class one vs one _ new sorting algorithm.iobj
c:\users\osama\source\repos\multi class one vs one _ new sorting algorithm - new contradiction  alg\multi class one vs one _ new sorting algorithm\x64\release\multi cl.03f42ed1.tlog\cl.command.1.tlog
c:\users\osama\source\repos\multi class one vs one _ new sorting algorithm - new contradiction  alg\multi class one vs one _ new sorting algorithm\x64\release\multi cl.03f42ed1.tlog\cl.read.1.tlog
c:\users\osama\source\repos\multi class one vs one _ new sorting algorithm - new contradiction  alg\multi class one vs one _ new sorting algorithm\x64\release\multi cl.03f42ed1.tlog\cl.write.1.tlog
c:\users\osama\source\repos\multi class one vs one _ new sorting algorithm - new contradiction  alg\multi class one vs one _ new sorting algorithm\x64\release\multi cl.03f42ed1.tlog\link.command.1.tlog
c:\users\osama\source\repos\multi class one vs one _ new sorting algorithm - new contradiction  alg\multi class one vs one _ new sorting algorithm\x64\release\multi cl.03f42ed1.tlog\link.read.1.tlog
c:\users\osama\source\repos\multi class one vs one _ new sorting algorithm - new contradiction  alg\multi class one vs one _ new sorting algorithm\x64\release\multi cl.03f42ed1.tlog\link.write.1.tlog
c:\users\osama\source\repos\multi class one vs one _ new sorting algorithm - new contradiction  alg\multi class one vs one _ new sorting algorithm\x64\release\multi cl.03f42ed1.tlog\multi class one vs one _ new sorting algorithm.write.1u.tlog
